2014/08/29 22:26:00 [error] [exception.CHttpException.403] exception 'CHttpException' with message 'You are not authorized to perform this action.' in /Users/janice/Projects/php/yii/yii/framework/web/auth/CAccessControlFilter.php:182
Stack trace:
#0 /Users/janice/Projects/php/yii/yii/framework/web/auth/CAccessControlFilter.php(145): CAccessControlFilter->accessDenied(Object(CWebUser), 'You are not aut...')
#1 /Users/janice/Projects/php/yii/yii/framework/web/filters/CFilter.php(38): CAccessControlFilter->preFilter(Object(CFilterChain))
#2 /Users/janice/Projects/php/yii/yii/framework/web/CController.php(1145): CFilter->filter(Object(CFilterChain))
#3 /Users/janice/Projects/php/yii/yii/framework/web/filters/CInlineFilter.php(58): CController->filterAccessControl(Object(CFilterChain))
#4 /Users/janice/Projects/php/yii/yii/framework/web/filters/CFilterChain.php(130): CInlineFilter->filter(Object(CFilterChain))
#5 /Users/janice/Projects/php/yii/yii/framework/web/CController.php(291): CFilterChain->run()
#6 /Users/janice/Projects/php/yii/yii/framework/web/CController.php(265): CController->runActionWithFilters(Object(CInlineAction), Array)
#7 /Users/janice/Projects/php/yii/yii/framework/web/CWebApplication.php(282): CController->run('admin')
#8 /Users/janice/Projects/php/yii/yii/framework/web/CWebApplication.php(141): CWebApplication->runController('yellowCars/admi...')
#9 /Users/janice/Projects/php/yii/yii/framework/base/CApplication.php(180): CWebApplication->processRequest()
#10 /Users/janice/Projects/php/wechat_server/inquery/index.php(13): CApplication->run()
#11 {main}
REQUEST_URI=/wechat_server/inquery/index.php?r=yellowCars/admin
HTTP_REFERER=http://192.168.22.150:1988/wechat_server/inquery/index.php?r=site/login
---
2014/08/29 22:59:40 [error] [exception.CException] exception 'CException' with message 'Property "CActiveForm.class" is not defined.' in /Users/janice/Projects/php/yii/yii/framework/base/CComponent.php:173
Stack trace:
#0 /Users/janice/Projects/php/yii/yii/framework/web/CWidgetFactory.php(161): CComponent->__set('class', 'form-inline')
#1 /Users/janice/Projects/php/yii/yii/framework/web/CBaseController.php(146): CWidgetFactory->createWidget(Object(YellowCarsController), 'CActiveForm', Array)
#2 /Users/janice/Projects/php/yii/yii/framework/web/CBaseController.php(189): CBaseController->createWidget('CActiveForm', Array)
#3 /Users/janice/Projects/php/wechat_server/inquery/protected/views/yellowCars/_search.php(76): CBaseController->beginWidget('CActiveForm', Array)
#4 /Users/janice/Projects/php/yii/yii/framework/web/CBaseController.php(126): require('/Users/janice/P...')
#5 /Users/janice/Projects/php/yii/yii/framework/web/CBaseController.php(95): CBaseController->renderInternal('/Users/janice/P...', Array, true)
#6 /Users/janice/Projects/php/yii/yii/framework/web/CController.php(869): CBaseController->renderFile('/Users/janice/P...', Array, true)
#7 /Users/janice/Projects/php/wechat_server/inquery/protected/views/yellowCars/search.php(3): CController->renderPartial('_search', Array)
#8 /Users/janice/Projects/php/yii/yii/framework/web/CBaseController.php(126): require('/Users/janice/P...')
#9 /Users/janice/Projects/php/yii/yii/framework/web/CBaseController.php(95): CBaseController->renderInternal('/Users/janice/P...', Array, true)
#10 /Users/janice/Projects/php/yii/yii/framework/web/CController.php(869): CBaseController->renderFile('/Users/janice/P...', Array, true)
#11 /Users/janice/Projects/php/yii/yii/framework/web/CController.php(782): CController->renderPartial('search', Array, true)
#12 /Users/janice/Projects/php/wechat_server/inquery/protected/controllers/YellowCarsController.php(158): CController->render('search', Array)
#13 /Users/janice/Projects/php/yii/yii/framework/web/actions/CInlineAction.php(49): YellowCarsController->actionSearch()
#14 /Users/janice/Projects/php/yii/yii/framework/web/CController.php(308): CInlineAction->runWithParams(Array)
#15 /Users/janice/Projects/php/yii/yii/framework/web/filters/CFilterChain.php(133): CController->runAction(Object(CInlineAction))
#16 /Users/janice/Projects/php/yii/yii/framework/web/filters/CFilter.php(40): CFilterChain->run()
#17 /Users/janice/Projects/php/yii/yii/framework/web/CController.php(1145): CFilter->filter(Object(CFilterChain))
#18 /Users/janice/Projects/php/yii/yii/framework/web/filters/CInlineFilter.php(58): CController->filterAccessControl(Object(CFilterChain))
#19 /Users/janice/Projects/php/yii/yii/framework/web/filters/CFilterChain.php(130): CInlineFilter->filter(Object(CFilterChain))
#20 /Users/janice/Projects/php/yii/yii/framework/web/CController.php(291): CFilterChain->run()
#21 /Users/janice/Projects/php/yii/yii/framework/web/CController.php(265): CController->runActionWithFilters(Object(CInlineAction), Array)
#22 /Users/janice/Projects/php/yii/yii/framework/web/CWebApplication.php(282): CController->run('search')
#23 /Users/janice/Projects/php/yii/yii/framework/web/CWebApplication.php(141): CWebApplication->runController('yellowCars/sear...')
#24 /Users/janice/Projects/php/yii/yii/framework/base/CApplication.php(180): CWebApplication->processRequest()
#25 /Users/janice/Projects/php/wechat_server/inquery/index.php(13): CApplication->run()
#26 {main}
REQUEST_URI=/wechat_server/inquery/index.php?r=yellowCars/search
---
2014/08/29 22:59:55 [error] [exception.CException] exception 'CException' with message 'Property "CActiveForm.class" is not defined.' in /Users/janice/Projects/php/yii/yii/framework/base/CComponent.php:173
Stack trace:
#0 /Users/janice/Projects/php/yii/yii/framework/web/CWidgetFactory.php(161): CComponent->__set('class', 'form-inline')
#1 /Users/janice/Projects/php/yii/yii/framework/web/CBaseController.php(146): CWidgetFactory->createWidget(Object(YellowCarsController), 'CActiveForm', Array)
#2 /Users/janice/Projects/php/yii/yii/framework/web/CBaseController.php(189): CBaseController->createWidget('CActiveForm', Array)
#3 /Users/janice/Projects/php/wechat_server/inquery/protected/views/yellowCars/_search.php(76): CBaseController->beginWidget('CActiveForm', Array)
#4 /Users/janice/Projects/php/yii/yii/framework/web/CBaseController.php(126): require('/Users/janice/P...')
#5 /Users/janice/Projects/php/yii/yii/framework/web/CBaseController.php(95): CBaseController->renderInternal('/Users/janice/P...', Array, true)
#6 /Users/janice/Projects/php/yii/yii/framework/web/CController.php(869): CBaseController->renderFile('/Users/janice/P...', Array, true)
#7 /Users/janice/Projects/php/wechat_server/inquery/protected/views/yellowCars/search.php(3): CController->renderPartial('_search', Array)
#8 /Users/janice/Projects/php/yii/yii/framework/web/CBaseController.php(126): require('/Users/janice/P...')
#9 /Users/janice/Projects/php/yii/yii/framework/web/CBaseController.php(95): CBaseController->renderInternal('/Users/janice/P...', Array, true)
#10 /Users/janice/Projects/php/yii/yii/framework/web/CController.php(869): CBaseController->renderFile('/Users/janice/P...', Array, true)
#11 /Users/janice/Projects/php/yii/yii/framework/web/CController.php(782): CController->renderPartial('search', Array, true)
#12 /Users/janice/Projects/php/wechat_server/inquery/protected/controllers/YellowCarsController.php(158): CController->render('search', Array)
#13 /Users/janice/Projects/php/yii/yii/framework/web/actions/CInlineAction.php(49): YellowCarsController->actionSearch()
#14 /Users/janice/Projects/php/yii/yii/framework/web/CController.php(308): CInlineAction->runWithParams(Array)
#15 /Users/janice/Projects/php/yii/yii/framework/web/filters/CFilterChain.php(133): CController->runAction(Object(CInlineAction))
#16 /Users/janice/Projects/php/yii/yii/framework/web/filters/CFilter.php(40): CFilterChain->run()
#17 /Users/janice/Projects/php/yii/yii/framework/web/CController.php(1145): CFilter->filter(Object(CFilterChain))
#18 /Users/janice/Projects/php/yii/yii/framework/web/filters/CInlineFilter.php(58): CController->filterAccessControl(Object(CFilterChain))
#19 /Users/janice/Projects/php/yii/yii/framework/web/filters/CFilterChain.php(130): CInlineFilter->filter(Object(CFilterChain))
#20 /Users/janice/Projects/php/yii/yii/framework/web/CController.php(291): CFilterChain->run()
#21 /Users/janice/Projects/php/yii/yii/framework/web/CController.php(265): CController->runActionWithFilters(Object(CInlineAction), Array)
#22 /Users/janice/Projects/php/yii/yii/framework/web/CWebApplication.php(282): CController->run('search')
#23 /Users/janice/Projects/php/yii/yii/framework/web/CWebApplication.php(141): CWebApplication->runController('yellowCars/sear...')
#24 /Users/janice/Projects/php/yii/yii/framework/base/CApplication.php(180): CWebApplication->processRequest()
#25 /Users/janice/Projects/php/wechat_server/inquery/index.php(13): CApplication->run()
#26 {main}
REQUEST_URI=/wechat_server/inquery/index.php?r=yellowCars/search
---
2014/08/30 09:14:40 [error] [exception.CException] exception 'CException' with message 'Property "YellowCars.verifyCode" is not defined.' in /Users/janice/Projects/php/yii/yii/framework/base/CComponent.php:130
Stack trace:
#0 /Users/janice/Projects/php/yii/yii/framework/db/ar/CActiveRecord.php(145): CComponent->__get('verifyCode')
#1 /Users/janice/Projects/php/yii/yii/framework/web/helpers/CHtml.php(2529): CActiveRecord->__get('verifyCode')
#2 /Users/janice/Projects/php/yii/yii/framework/web/helpers/CHtml.php(2252): CHtml::resolveValue(Object(YellowCars), 'verifyCode')
#3 /Users/janice/Projects/php/yii/yii/framework/web/helpers/CHtml.php(1434): CHtml::activeInputField('text', Object(YellowCars), 'verifyCode', Array)
#4 /Users/janice/Projects/php/yii/yii/framework/web/widgets/CActiveForm.php(725): CHtml::activeTextField(Object(YellowCars), 'verifyCode', Array)
#5 /Users/janice/Projects/php/wechat_server/inquery/protected/views/yellowCars/_search.php(81): CActiveForm->textField(Object(YellowCars), 'verifyCode')
#6 /Users/janice/Projects/php/yii/yii/framework/web/CBaseController.php(126): require('/Users/janice/P...')
#7 /Users/janice/Projects/php/yii/yii/framework/web/CBaseController.php(95): CBaseController->renderInternal('/Users/janice/P...', Array, true)
#8 /Users/janice/Projects/php/yii/yii/framework/web/CController.php(869): CBaseController->renderFile('/Users/janice/P...', Array, true)
#9 /Users/janice/Projects/php/wechat_server/inquery/protected/views/yellowCars/search.php(6): CController->renderPartial('_search', Array)
#10 /Users/janice/Projects/php/yii/yii/framework/web/CBaseController.php(126): require('/Users/janice/P...')
#11 /Users/janice/Projects/php/yii/yii/framework/web/CBaseController.php(95): CBaseController->renderInternal('/Users/janice/P...', Array, true)
#12 /Users/janice/Projects/php/yii/yii/framework/web/CController.php(869): CBaseController->renderFile('/Users/janice/P...', Array, true)
#13 /Users/janice/Projects/php/yii/yii/framework/web/CController.php(782): CController->renderPartial('search', Array, true)
#14 /Users/janice/Projects/php/wechat_server/inquery/protected/controllers/YellowCarsController.php(169): CController->render('search', Array)
#15 /Users/janice/Projects/php/yii/yii/framework/web/actions/CInlineAction.php(49): YellowCarsController->actionSearch()
#16 /Users/janice/Projects/php/yii/yii/framework/web/CController.php(308): CInlineAction->runWithParams(Array)
#17 /Users/janice/Projects/php/yii/yii/framework/web/filters/CFilterChain.php(133): CController->runAction(Object(CInlineAction))
#18 /Users/janice/Projects/php/yii/yii/framework/web/filters/CFilter.php(40): CFilterChain->run()
#19 /Users/janice/Projects/php/yii/yii/framework/web/CController.php(1145): CFilter->filter(Object(CFilterChain))
#20 /Users/janice/Projects/php/yii/yii/framework/web/filters/CInlineFilter.php(58): CController->filterAccessControl(Object(CFilterChain))
#21 /Users/janice/Projects/php/yii/yii/framework/web/filters/CFilterChain.php(130): CInlineFilter->filter(Object(CFilterChain))
#22 /Users/janice/Projects/php/yii/yii/framework/web/CController.php(291): CFilterChain->run()
#23 /Users/janice/Projects/php/yii/yii/framework/web/CController.php(265): CController->runActionWithFilters(Object(CInlineAction), Array)
#24 /Users/janice/Projects/php/yii/yii/framework/web/CWebApplication.php(282): CController->run('search')
#25 /Users/janice/Projects/php/yii/yii/framework/web/CWebApplication.php(141): CWebApplication->runController('yellowCars/sear...')
#26 /Users/janice/Projects/php/yii/yii/framework/base/CApplication.php(180): CWebApplication->processRequest()
#27 /Users/janice/Projects/php/wechat_server/inquery/index.php(13): CApplication->run()
#28 {main}
REQUEST_URI=/wechat_server/inquery/index.php?r=yellowCars/search
---
